This is pdfTeX, Version 3.1415926-2.5-1.40.14 (MiKTeX 2.9 64-bit) (preloaded format=pdflatex 2015.4.13)  5 APR 2017 20:32
entering extended mode
**Thesis_template.tex

(C:\Users\user\Downloads\MBCET_MTech_Thesis_Presentation_v1.0\Thesis_template.t
ex
LaTeX2e <2011/06/27>
Babel <v3.8m> and hyphenation patterns for english, afrikaans, ancientgreek, ar
abic, armenian, assamese, basque, bengali, bokmal, bulgarian, catalan, coptic, 
croatian, czech, danish, dutch, esperanto, estonian, farsi, finnish, french, ga
lician, german, german-x-2013-05-26, greek, gujarati, hindi, hungarian, iceland
ic, indonesian, interlingua, irish, italian, kannada, kurmanji, latin, latvian,
 lithuanian, malayalam, marathi, mongolian, mongolianlmc, monogreek, ngerman, n
german-x-2013-05-26, nynorsk, oriya, panjabi, pinyin, polish, portuguese, roman
ian, russian, sanskrit, serbian, slovak, slovenian, spanish, swedish, swissgerm
an, tamil, telugu, turkish, turkmen, ukenglish, ukrainian, uppersorbian, usengl
ishmax, welsh, loaded.
("C:\Program Files\MiKTeX 2.9\tex\latex\base\report.cls"
Document Class: report 2007/10/19 v1.4h Standard LaTeX document class
("C:\Program Files\MiKTeX 2.9\tex\latex\base\size12.clo"
File: size12.clo 2007/10/19 v1.4h Standard LaTeX file (size option)
)
\c@part=\count79
\c@chapter=\count80
\c@section=\count81
\c@subsection=\count82
\c@subsubsection=\count83
\c@paragraph=\count84
\c@subparagraph=\count85
\c@figure=\count86
\c@table=\count87
\abovecaptionskip=\skip41
\belowcaptionskip=\skip42
\bibindent=\dimen102
)
("C:\Program Files\MiKTeX 2.9\tex\latex\amsmath\amsmath.sty"
Package: amsmath 2013/01/14 v2.14 AMS math features
\@mathmargin=\skip43

For additional information on amsmath, use the `?' option.
("C:\Program Files\MiKTeX 2.9\tex\latex\amsmath\amstext.sty"
Package: amstext 2000/06/29 v2.01

("C:\Program Files\MiKTeX 2.9\tex\latex\amsmath\amsgen.sty"
File: amsgen.sty 1999/11/30 v2.0
\@emptytoks=\toks14
\ex@=\dimen103
))
("C:\Program Files\MiKTeX 2.9\tex\latex\amsmath\amsbsy.sty"
Package: amsbsy 1999/11/29 v1.2d
\pmbraise@=\dimen104
)
("C:\Program Files\MiKTeX 2.9\tex\latex\amsmath\amsopn.sty"
Package: amsopn 1999/12/14 v2.01 operator names
)
\inf@bad=\count88
LaTeX Info: Redefining \frac on input line 210.
\uproot@=\count89
\leftroot@=\count90
LaTeX Info: Redefining \overline on input line 306.
\classnum@=\count91
\DOTSCASE@=\count92
LaTeX Info: Redefining \ldots on input line 378.
LaTeX Info: Redefining \dots on input line 381.
LaTeX Info: Redefining \cdots on input line 466.
\Mathstrutbox@=\box26
\strutbox@=\box27
\big@size=\dimen105
LaTeX Font Info:    Redeclaring font encoding OML on input line 566.
LaTeX Font Info:    Redeclaring font encoding OMS on input line 567.
\macc@depth=\count93
\c@MaxMatrixCols=\count94
\dotsspace@=\muskip10
\c@parentequation=\count95
\dspbrk@lvl=\count96
\tag@help=\toks15
\row@=\count97
\column@=\count98
\maxfields@=\count99
\andhelp@=\toks16
\eqnshift@=\dimen106
\alignsep@=\dimen107
\tagshift@=\dimen108
\tagwidth@=\dimen109
\totwidth@=\dimen110
\lineht@=\dimen111
\@envbody=\toks17
\multlinegap=\skip44
\multlinetaggap=\skip45
\mathdisplay@stack=\toks18
LaTeX Info: Redefining \[ on input line 2665.
LaTeX Info: Redefining \] on input line 2666.
)
("C:\Program Files\MiKTeX 2.9\tex\latex\graphics\epsfig.sty"
Package: epsfig 1999/02/16 v1.7a (e)psfig emulation (SPQR)

("C:\Program Files\MiKTeX 2.9\tex\latex\graphics\graphicx.sty"
Package: graphicx 2014/10/28 v1.0g Enhanced LaTeX Graphics (DPC,SPQR)

("C:\Program Files\MiKTeX 2.9\tex\latex\graphics\keyval.sty"
Package: keyval 2014/10/28 v1.15 key=value parser (DPC)
\KV@toks@=\toks19
)
("C:\Program Files\MiKTeX 2.9\tex\latex\graphics\graphics.sty"
Package: graphics 2014/10/28 v1.0p Standard LaTeX Graphics (DPC,SPQR)

("C:\Program Files\MiKTeX 2.9\tex\latex\graphics\trig.sty"
Package: trig 1999/03/16 v1.09 sin cos tan (DPC)
)
("C:\Program Files\MiKTeX 2.9\tex\latex\00miktex\graphics.cfg"
File: graphics.cfg 2007/01/18 v1.5 graphics configuration of teTeX/TeXLive
)
Package graphics Info: Driver file: pdftex.def on input line 91.

("C:\Program Files\MiKTeX 2.9\tex\latex\pdftex-def\pdftex.def"
File: pdftex.def 2011/05/27 v0.06d Graphics/color for pdfTeX

("C:\Program Files\MiKTeX 2.9\tex\generic\oberdiek\infwarerr.sty"
Package: infwarerr 2010/04/08 v1.3 Providing info/warning/error messages (HO)
)
("C:\Program Files\MiKTeX 2.9\tex\generic\oberdiek\ltxcmds.sty"
Package: ltxcmds 2011/11/09 v1.22 LaTeX kernel commands for general use (HO)
)
\Gread@gobject=\count100
))
\Gin@req@height=\dimen112
\Gin@req@width=\dimen113
)
\epsfxsize=\dimen114
\epsfysize=\dimen115
)
("C:\Program Files\MiKTeX 2.9\tex\latex\cite\cite.sty"
LaTeX Info: Redefining \cite on input line 302.
LaTeX Info: Redefining \nocite on input line 332.
Package: cite 2015/02/27  v 5.5
)
(C:\Users\user\Downloads\MBCET_MTech_Thesis_Presentation_v1.0\ltablex.sty
Package: ltablex 1995/11/06 v1.0 Modified tabularx

("C:\Program Files\MiKTeX 2.9\tex\latex\tools\longtable.sty"
Package: longtable 2004/02/01 v4.11 Multi-page Table package (DPC)
\LTleft=\skip46
\LTright=\skip47
\LTpre=\skip48
\LTpost=\skip49
\LTchunksize=\count101
\LTcapwidth=\dimen116
\LT@head=\box28
\LT@firsthead=\box29
\LT@foot=\box30
\LT@lastfoot=\box31
\LT@cols=\count102
\LT@rows=\count103
\c@LT@tables=\count104
\c@LT@chunks=\count105
\LT@p@ftn=\toks20
)
("C:\Program Files\MiKTeX 2.9\tex\latex\tools\tabularx.sty"
Package: tabularx 1999/01/07 v2.07 `tabularx' package (DPC)

("C:\Program Files\MiKTeX 2.9\tex\latex\tools\array.sty"
Package: array 2008/09/09 v2.4c Tabular extension package (FMi)
\col@sep=\dimen117
\extrarowheight=\dimen118
\NC@list=\toks21
\extratabsurround=\skip50
\backup@length=\skip51
)
\TX@col@width=\dimen119
\TX@old@table=\dimen120
\TX@old@col=\dimen121
\TX@target=\dimen122
\TX@delta=\dimen123
\TX@cols=\count106
\TX@ftn=\toks22
))
("C:\Program Files\MiKTeX 2.9\tex\latex\setspace\setspace.sty"
Package: setspace 2011/12/19 v6.7a set line spacing
)
("C:\Program Files\MiKTeX 2.9\tex\latex\url\url.sty"
\Urlmuskip=\muskip11
Package: url 2013/09/16  ver 3.4  Verb mode for urls, etc.
)
(C:\Users\user\Downloads\MBCET_MTech_Thesis_Presentation_v1.0\floatflt.sty
Package: floatflt 1997/07/16 v. 1.31
\c@OptionTest=\count107
\figbox=\box32
\tabbox=\box33
\pagebox=\box34
\ffigcount=\count108
\ftabcount=\count109
\fftest=\count110
\hangcount=\count111
\nosuccesstryfig=\count112
\nosuccesstrytab=\count113
\figgutter=\dimen124
\tabgutter=\dimen125
\htdone=\dimen126
\pageht=\dimen127
\startpageht=\dimen128
\tabbredd=\dimen129
\floatfltwidth=\dimen130
\fltitemwidth=\dimen131
\outputpretest=\toks23
)
("C:\Program Files\MiKTeX 2.9\tex\latex\caption\caption.sty"
Package: caption 2013/05/02 v3.3-89 Customizing captions (AR)

("C:\Program Files\MiKTeX 2.9\tex\latex\caption\caption3.sty"
Package: caption3 2013/05/02 v1.6-88 caption3 kernel (AR)
Package caption3 Info: TeX engine: e-TeX on input line 57.
\captionmargin=\dimen132
\captionmargin@=\dimen133
\captionwidth=\dimen134
\caption@tempdima=\dimen135
\caption@indent=\dimen136
\caption@parindent=\dimen137
\caption@hangindent=\dimen138
)
\c@ContinuedFloat=\count114
Package caption Info: floatflt package is loaded.
Package caption Info: longtable package is loaded.

("C:\Program Files\MiKTeX 2.9\tex\latex\caption\ltcaption.sty"
Package: ltcaption 2013/02/03 v1.3-62 longtable captions (AR)
))
("C:\Program Files\MiKTeX 2.9\tex\latex\float\float.sty"
Package: float 2001/11/08 v1.3d Float enhancements (AL)
\c@float@type=\count115
\float@exts=\toks24
\float@box=\box35
\@float@everytoks=\toks25
\@floatcapt=\box36
)
(C:\Users\user\Downloads\MBCET_MTech_Thesis_Presentation_v1.0\comment.sty
\CommentStream=\write3

Excluding comment 'comment')
("C:\Program Files\MiKTeX 2.9\tex\latex\fancyhdr\fancyhdr.sty"
\fancy@headwidth=\skip52
\f@ncyO@elh=\skip53
\f@ncyO@erh=\skip54
\f@ncyO@olh=\skip55
\f@ncyO@orh=\skip56
\f@ncyO@elf=\skip57
\f@ncyO@erf=\skip58
\f@ncyO@olf=\skip59
\f@ncyO@orf=\skip60
)
("C:\Program Files\MiKTeX 2.9\tex\latex\geometry\geometry.sty"
Package: geometry 2010/09/12 v5.6 Page Geometry

("C:\Program Files\MiKTeX 2.9\tex\generic\oberdiek\ifpdf.sty"
Package: ifpdf 2011/01/30 v2.3 Provides the ifpdf switch (HO)
Package ifpdf Info: pdfTeX in PDF mode is detected.
)
("C:\Program Files\MiKTeX 2.9\tex\generic\oberdiek\ifvtex.sty"
Package: ifvtex 2010/03/01 v1.5 Detect VTeX and its facilities (HO)
Package ifvtex Info: VTeX not detected.
)
("C:\Program Files\MiKTeX 2.9\tex\generic\ifxetex\ifxetex.sty"
Package: ifxetex 2010/09/12 v0.6 Provides ifxetex conditional
)
\Gm@cnth=\count116
\Gm@cntv=\count117
\c@Gm@tempcnt=\count118
\Gm@bindingoffset=\dimen139
\Gm@wd@mp=\dimen140
\Gm@odd@mp=\dimen141
\Gm@even@mp=\dimen142
\Gm@layoutwidth=\dimen143
\Gm@layoutheight=\dimen144
\Gm@layouthoffset=\dimen145
\Gm@layoutvoffset=\dimen146
\Gm@dimlist=\toks26

("C:\Program Files\MiKTeX 2.9\tex\latex\geometry\geometry.cfg"))
(C:\Users\user\Downloads\MBCET_MTech_Thesis_Presentation_v1.0\subfigure.sty
Package: subfigure 2002/03/15 v2.1.5 subfigure package
\subfigtopskip=\skip61
\subfigcapskip=\skip62
\subfigcaptopadj=\dimen147
\subfigbottomskip=\skip63
\subfigcapmargin=\dimen148
\subfiglabelskip=\skip64
\c@subfigure=\count119
\c@lofdepth=\count120
\c@subtable=\count121
\c@lotdepth=\count122

****************************************
* Local config file subfigure.cfg used *
****************************************
("C:\Program Files\MiKTeX 2.9\tex\latex\subfigure\subfigure.cfg")
\subfig@top=\skip65
\subfig@bottom=\skip66
)
("C:\Program Files\MiKTeX 2.9\tex\latex\amsfonts\amssymb.sty"
Package: amssymb 2013/01/14 v3.01 AMS font symbols

("C:\Program Files\MiKTeX 2.9\tex\latex\amsfonts\amsfonts.sty"
Package: amsfonts 2013/01/14 v3.01 Basic AMSFonts support
\symAMSa=\mathgroup4
\symAMSb=\mathgroup5
LaTeX Font Info:    Overwriting math alphabet `\mathfrak' in version `bold'
(Font)                  U/euf/m/n --> U/euf/b/n on input line 106.
))
("C:\Program Files\MiKTeX 2.9\tex\latex\graphics\color.sty"
Package: color 2014/10/28 v1.1a Standard LaTeX Color (DPC)

("C:\Program Files\MiKTeX 2.9\tex\latex\00miktex\color.cfg"
File: color.cfg 2007/01/18 v1.5 color configuration of teTeX/TeXLive
)
Package color Info: Driver file: pdftex.def on input line 137.
)
("C:\Program Files\MiKTeX 2.9\tex\latex\tools\indentfirst.sty"
Package: indentfirst 1995/11/23 v1.03 Indent first paragraph (DPC)
)
("C:\Program Files\MiKTeX 2.9\tex\latex\booktabs\booktabs.sty"
Package: booktabs 2005/04/14 v1.61803 publication quality tables
\heavyrulewidth=\dimen149
\lightrulewidth=\dimen150
\cmidrulewidth=\dimen151
\belowrulesep=\dimen152
\belowbottomsep=\dimen153
\aboverulesep=\dimen154
\abovetopsep=\dimen155
\cmidrulesep=\dimen156
\cmidrulekern=\dimen157
\defaultaddspace=\dimen158
\@cmidla=\count123
\@cmidlb=\count124
\@aboverulesep=\dimen159
\@belowrulesep=\dimen160
\@thisruleclass=\count125
\@lastruleclass=\count126
\@thisrulewidth=\dimen161
)
(C:\Users\user\Downloads\MBCET_MTech_Thesis_Presentation_v1.0\Thesis_template.a
ux
(C:\Users\user\Downloads\MBCET_MTech_Thesis_Presentation_v1.0\Thesis_cover_outs
ide.aux)
(C:\Users\user\Downloads\MBCET_MTech_Thesis_Presentation_v1.0\Thesis_certificat
e.aux)
(C:\Users\user\Downloads\MBCET_MTech_Thesis_Presentation_v1.0\0Acknowledgment.a
ux) (C:\Users\user\Downloads\MBCET_MTech_Thesis_Presentation_v1.0\0Abstract.aux
)
(C:\Users\user\Downloads\MBCET_MTech_Thesis_Presentation_v1.0\0Nomenclature.aux
)
(C:\Users\user\Downloads\MBCET_MTech_Thesis_Presentation_v1.0\3BodyofThesis.aux
) (C:\Users\user\Downloads\MBCET_MTech_Thesis_Presentation_v1.0\4Conclusion.aux
) (C:\Users\user\Downloads\MBCET_MTech_Thesis_Presentation_v1.0\5Appendices.aux
) (C:\Users\user\Downloads\MBCET_MTech_Thesis_Presentation_v1.0\REFERENCES.aux)
)
LaTeX Font Info:    Checking defaults for OML/cmm/m/it on input line 26.
LaTeX Font Info:    ... okay on input line 26.
LaTeX Font Info:    Checking defaults for T1/cmr/m/n on input line 26.
LaTeX Font Info:    ... okay on input line 26.
LaTeX Font Info:    Checking defaults for OT1/cmr/m/n on input line 26.
LaTeX Font Info:    ... okay on input line 26.
LaTeX Font Info:    Checking defaults for OMS/cmsy/m/n on input line 26.
LaTeX Font Info:    ... okay on input line 26.
LaTeX Font Info:    Checking defaults for OMX/cmex/m/n on input line 26.
LaTeX Font Info:    ... okay on input line 26.
LaTeX Font Info:    Checking defaults for U/cmr/m/n on input line 26.
LaTeX Font Info:    ... okay on input line 26.
 ("C:\Program Files\MiKTeX 2.9\tex\context\base\supp-pdf.mkii"
[Loading MPS to PDF converter (version 2006.09.02).]
\scratchcounter=\count127
\scratchdimen=\dimen162
\scratchbox=\box37
\nofMPsegments=\count128
\nofMParguments=\count129
\everyMPshowfont=\toks27
\MPscratchCnt=\count130
\MPscratchDim=\dimen163
\MPnumerator=\count131
\makeMPintoPDFobject=\count132
\everyMPtoPDFconversion=\toks28
)
Package caption Info: Begin \AtBeginDocument code.
Package caption Info: float package is loaded.
Package caption Info: subfigure package is loaded.
Package caption Info: End \AtBeginDocument code.

*geometry* driver: auto-detecting
*geometry* detected driver: pdftex
*geometry* verbose mode - [ preamble ] result:
* driver: pdftex
* paper: a4paper
* layout: <same size as paper>
* layoutoffset:(h,v)=(0.0pt,0.0pt)
* modes: 
* h-part:(L,W,R)=(90.3375pt, 434.90039pt, 72.26999pt)
* v-part:(T,H,B)=(79.49744pt, 693.27942pt, 72.26999pt)
* \paperwidth=597.50787pt
* \paperheight=845.04684pt
* \textwidth=434.90039pt
* \textheight=693.27942pt
* \oddsidemargin=18.0675pt
* \evensidemargin=18.0675pt
* \topmargin=-29.77255pt
* \headheight=12.0pt
* \headsep=25.0pt
* \topskip=12.0pt
* \footskip=30.0pt
* \marginparwidth=35.0pt
* \marginparsep=10.0pt
* \columnsep=10.0pt
* \skip\footins=10.8pt plus 4.0pt minus 2.0pt
* \hoffset=0.0pt
* \voffset=0.0pt
* \mag=1000
* \@twocolumnfalse
* \@twosidefalse
* \@mparswitchfalse
* \@reversemarginfalse
* (1in=72.27pt=25.4mm, 1cm=28.453pt)


(C:\Users\user\Downloads\MBCET_MTech_Thesis_Presentation_v1.0\Thesis_cover_outs
ide.tex <mbcetlogo-eps-converted-to.pdf, id=1, 479.7925pt x 446.66875pt>
File: mbcetlogo-eps-converted-to.pdf Graphic file (type pdf)

<use mbcetlogo-eps-converted-to.pdf>
Package pdftex.def Info: mbcetlogo-eps-converted-to.pdf used on input line 34.
(pdftex.def)             Requested size: 479.7913pt x 446.66765pt.
 [1


{C:/Users/user/AppData/Local/MiKTeX/2.9/pdftex/config/pdftex.map} <C:/Users/use
r/Downloads/MBCET_MTech_Thesis_Presentation_v1.0/mbcetlogo-eps-converted-to.pdf
>])
(C:\Users\user\Downloads\MBCET_MTech_Thesis_Presentation_v1.0\Thesis_certificat
e.tex
File: mbcetlogo-eps-converted-to.pdf Graphic file (type pdf)
 <use mbcetlogo-eps-converted-to.pdf>
Package pdftex.def Info: mbcetlogo-eps-converted-to.pdf used on input line 19.
(pdftex.def)             Requested size: 479.7913pt x 446.66765pt.
LaTeX Font Info:    Try loading font information for U+msa on input line 25.

("C:\Program Files\MiKTeX 2.9\tex\latex\amsfonts\umsa.fd"
File: umsa.fd 2013/01/14 v3.01 AMS symbols A
)
LaTeX Font Info:    Try loading font information for U+msb on input line 25.

("C:\Program Files\MiKTeX 2.9\tex\latex\amsfonts\umsb.fd"
File: umsb.fd 2013/01/14 v3.01 AMS symbols B
)) [1


]
(C:\Users\user\Downloads\MBCET_MTech_Thesis_Presentation_v1.0\0Acknowledgment.t
ex) [1



]
(C:\Users\user\Downloads\MBCET_MTech_Thesis_Presentation_v1.0\0Abstract.tex)
[2


]
(C:\Users\user\Downloads\MBCET_MTech_Thesis_Presentation_v1.0\Thesis_template.t
oc)
\tf@toc=\write4
 [3


]
(C:\Users\user\Downloads\MBCET_MTech_Thesis_Presentation_v1.0\Thesis_template.l
of)
\tf@lof=\write5
 [4


]
(C:\Users\user\Downloads\MBCET_MTech_Thesis_Presentation_v1.0\Thesis_template.l
ot)
\tf@lot=\write6
 [5


]
(C:\Users\user\Downloads\MBCET_MTech_Thesis_Presentation_v1.0\0Nomenclature.tex
) [6


]
(C:\Users\user\Downloads\MBCET_MTech_Thesis_Presentation_v1.0\3BodyofThesis.tex
Chapter 1.
[1



]

LaTeX Warning: Reference `fig:CELPdecth' on page 2 undefined on input line 65.

<CELPdecth-eps-converted-to.pdf, id=51, 617.30624pt x 289.08pt>
File: CELPdecth-eps-converted-to.pdf Graphic file (type pdf)

<use CELPdecth-eps-converted-to.pdf>
Package pdftex.def Info: CELPdecth-eps-converted-to.pdf used on input line 68.
(pdftex.def)             Requested size: 339.51949pt x 158.99448pt.

<intorig-eps-converted-to.pdf, id=52, 1125.20375pt x 688.5725pt>
File: intorig-eps-converted-to.pdf Graphic file (type pdf)

<use intorig-eps-converted-to.pdf>
Package pdftex.def Info: intorig-eps-converted-to.pdf used on input line 83.
(pdftex.def)             Requested size: 128.03076pt x 85.35689pt.

<intcelp-eps-converted-to.pdf, id=53, 1113.15875pt x 594.22pt>
File: intcelp-eps-converted-to.pdf Graphic file (type pdf)

<use intcelp-eps-converted-to.pdf>
Package pdftex.def Info: intcelp-eps-converted-to.pdf used on input line 83.
(pdftex.def)             Requested size: 128.03604pt x 85.35725pt.

<intldcelp-eps-converted-to.pdf, id=54, 1339.0025pt x 708.6475pt>
File: intldcelp-eps-converted-to.pdf Graphic file (type pdf)

<use intldcelp-eps-converted-to.pdf>
Package pdftex.def Info: intldcelp-eps-converted-to.pdf used on input line 91.
(pdftex.def)             Requested size: 128.02382pt x 85.35841pt.

<intmelp-eps-converted-to.pdf, id=55, 1340.00626pt x 709.65125pt>
File: intmelp-eps-converted-to.pdf Graphic file (type pdf)

<use intmelp-eps-converted-to.pdf>
Package pdftex.def Info: intmelp-eps-converted-to.pdf used on input line 91.
(pdftex.def)             Requested size: 128.01755pt x 85.34938pt.


LaTeX Warning: `h' float specifier changed to `ht'.


LaTeX Warning: `h' float specifier changed to `ht'.


LaTeX Warning: `h' float specifier changed to `ht'.

)

Package Fancyhdr Warning: \headheight is too small (12.0pt): 
 Make it at least 14.49998pt.
 We now make it that large for the rest of the document.
 This may cause the page layout to be inconsistent, however.

[2 <C:/Users/user/Downloads/MBCET_MTech_Thesis_Presentation_v1.0/CELPdecth-eps-
converted-to.pdf>] [3 <C:/Users/user/Downloads/MBCET_MTech_Thesis_Presentation_
v1.0/intorig-eps-converted-to.pdf> <C:/Users/user/Downloads/MBCET_MTech_Thesis_
Presentation_v1.0/intcelp-eps-converted-to.pdf> <C:/Users/user/Downloads/MBCET_
MTech_Thesis_Presentation_v1.0/intldcelp-eps-converted-to.pdf> <C:/Users/user/D
ownloads/MBCET_MTech_Thesis_Presentation_v1.0/intmelp-eps-converted-to.pdf>]
(C:\Users\user\Downloads\MBCET_MTech_Thesis_Presentation_v1.0\4Conclusion.tex
Chapter 2.
) [4



]
(C:\Users\user\Downloads\MBCET_MTech_Thesis_Presentation_v1.0\5Appendices.tex
Chapter 3.
) [5



]
(C:\Users\user\Downloads\MBCET_MTech_Thesis_Presentation_v1.0\REFERENCES.tex)
[6




]
(C:\Users\user\Downloads\MBCET_MTech_Thesis_Presentation_v1.0\Thesis_template.a
ux
(C:\Users\user\Downloads\MBCET_MTech_Thesis_Presentation_v1.0\Thesis_cover_outs
ide.aux)
(C:\Users\user\Downloads\MBCET_MTech_Thesis_Presentation_v1.0\Thesis_certificat
e.aux)
(C:\Users\user\Downloads\MBCET_MTech_Thesis_Presentation_v1.0\0Acknowledgment.a
ux) (C:\Users\user\Downloads\MBCET_MTech_Thesis_Presentation_v1.0\0Abstract.aux
)
(C:\Users\user\Downloads\MBCET_MTech_Thesis_Presentation_v1.0\0Nomenclature.aux
)
(C:\Users\user\Downloads\MBCET_MTech_Thesis_Presentation_v1.0\3BodyofThesis.aux
) (C:\Users\user\Downloads\MBCET_MTech_Thesis_Presentation_v1.0\4Conclusion.aux
) (C:\Users\user\Downloads\MBCET_MTech_Thesis_Presentation_v1.0\5Appendices.aux
) (C:\Users\user\Downloads\MBCET_MTech_Thesis_Presentation_v1.0\REFERENCES.aux)
)

LaTeX Warning: There were undefined references.

 ) 
Here is how much of TeX's memory you used:
 4710 strings out of 493921
 71072 string characters out of 3147285
 132249 words of memory out of 3000000
 7839 multiletter control sequences out of 15000+200000
 14897 words of font info for 53 fonts, out of 3000000 for 9000
 841 hyphenation exceptions out of 8191
 36i,11n,43p,446b,372s stack positions out of 5000i,500n,10000p,200000b,50000s
<C:/Program Files/MiKTeX 2.9/fonts/type1/public/amsfonts/cm/cmbx10.pfb><C:/Pr
ogram Files/MiKTeX 2.9/fonts/type1/public/amsfonts/cm/cmbx12.pfb><C:/Program Fi
les/MiKTeX 2.9/fonts/type1/public/amsfonts/cm/cmbxti10.pfb><C:/Program Files/Mi
KTeX 2.9/fonts/type1/public/amsfonts/cm/cmex10.pfb><C:/Program Files/MiKTeX 2.9
/fonts/type1/public/amsfonts/cm/cmmi12.pfb><C:/Program Files/MiKTeX 2.9/fonts/t
ype1/public/amsfonts/cm/cmmi8.pfb><C:/Program Files/MiKTeX 2.9/fonts/type1/publ
ic/amsfonts/cm/cmr10.pfb><C:/Program Files/MiKTeX 2.9/fonts/type1/public/amsfon
ts/cm/cmr12.pfb><C:/Program Files/MiKTeX 2.9/fonts/type1/public/amsfonts/cm/cmr
8.pfb><C:/Program Files/MiKTeX 2.9/fonts/type1/public/amsfonts/cm/cmss10.pfb><C
:/Program Files/MiKTeX 2.9/fonts/type1/public/amsfonts/cm/cmss12.pfb><C:/Progra
m Files/MiKTeX 2.9/fonts/type1/public/amsfonts/cm/cmssbx10.pfb><C:/Program File
s/MiKTeX 2.9/fonts/type1/public/amsfonts/cm/cmsy10.pfb><C:/Program Files/MiKTeX
 2.9/fonts/type1/public/amsfonts/cm/cmsy6.pfb><C:/Program Files/MiKTeX 2.9/font
s/type1/public/amsfonts/cm/cmsy8.pfb><C:/Program Files/MiKTeX 2.9/fonts/type1/p
ublic/amsfonts/cm/cmti10.pfb><C:/Program Files/MiKTeX 2.9/fonts/type1/public/am
sfonts/cm/cmti12.pfb>
Output written on Thesis_template.pdf (14 pages, 554336 bytes).
PDF statistics:
 140 PDF objects out of 1000 (max. 8388607)
 0 named destinations out of 1000 (max. 500000)
 31 words of extra memory for PDF output out of 10000 (max. 10000000)

