\BOOKMARK [0][-]{chapter*.5}{List of Figures}{}% 1
\BOOKMARK [0][-]{chapter*.6}{Nomenclature}{}% 2
\BOOKMARK [0][-]{chapter.1}{Introduction}{}% 3
\BOOKMARK [1][-]{section.1.1}{Objectives}{chapter.1}% 4
\BOOKMARK [1][-]{section.1.2}{Limitations}{chapter.1}% 5
\BOOKMARK [1][-]{section.1.3}{Technology Stack}{chapter.1}% 6
\BOOKMARK [0][-]{chapter.2}{Design Diagrams}{}% 7
\BOOKMARK [1][-]{section.2.1}{Use-case diagram}{chapter.2}% 8
\BOOKMARK [1][-]{section.2.2}{Activity Diagram}{chapter.2}% 9
\BOOKMARK [1][-]{section.2.3}{Sequence Diagram}{chapter.2}% 10
\BOOKMARK [0][-]{chapter.3}{Build Process}{}% 11
\BOOKMARK [1][-]{section.3.1}{Overview}{chapter.3}% 12
\BOOKMARK [1][-]{section.3.2}{Building the cross-compiler and binutils}{chapter.3}% 13
\BOOKMARK [1][-]{section.3.3}{Setting up the emulator}{chapter.3}% 14
\BOOKMARK [1][-]{section.3.4}{Overview of shell-scripts}{chapter.3}% 15
\BOOKMARK [1][-]{section.3.5}{Makefile}{chapter.3}% 16
\BOOKMARK [0][-]{chapter.4}{VGA Display Driver}{}% 17
\BOOKMARK [1][-]{section.4.1}{Overview}{chapter.4}% 18
\BOOKMARK [1][-]{section.4.2}{Printing text to the screen}{chapter.4}% 19
\BOOKMARK [1][-]{section.4.3}{Display Driver API}{chapter.4}% 20
\BOOKMARK [0][-]{chapter.5}{Interrupts}{}% 21
\BOOKMARK [1][-]{section.5.1}{Programming Interrupts}{chapter.5}% 22
\BOOKMARK [2][-]{subsection.5.1.1}{Creating the IDT}{section.5.1}% 23
\BOOKMARK [2][-]{subsection.5.1.2}{Creating the ISR}{section.5.1}% 24
\BOOKMARK [1][-]{section.5.2}{Loading interrupts}{chapter.5}% 25
\BOOKMARK [0][-]{chapter.6}{Keyboard Driver}{}% 26
\BOOKMARK [1][-]{section.6.1}{Writing and reading from ports}{chapter.6}% 27
\BOOKMARK [1][-]{section.6.2}{Overview}{chapter.6}% 28
\BOOKMARK [1][-]{section.6.3}{Understanding Keyboard ports}{chapter.6}% 29
\BOOKMARK [1][-]{section.6.4}{Scan code to character conversion}{chapter.6}% 30
\BOOKMARK [1][-]{section.6.5}{Keyboard Driver API}{chapter.6}% 31
\BOOKMARK [0][-]{chapter.7}{Unit Testing}{}% 32
\BOOKMARK [1][-]{section.7.1}{Challenge}{chapter.7}% 33
\BOOKMARK [1][-]{section.7.2}{Introducing DUnit}{chapter.7}% 34
\BOOKMARK [0][-]{chapter.8}{Standard C Library}{}% 35
\BOOKMARK [1][-]{section.8.1}{Implementation Summary}{chapter.8}% 36
\BOOKMARK [0][-]{chapter.9}{Memory Management}{}% 37
\BOOKMARK [1][-]{section.9.1}{Physical Memory Allocator}{chapter.9}% 38
\BOOKMARK [2][-]{subsection.9.1.1}{Memory Map}{section.9.1}% 39
\BOOKMARK [2][-]{subsection.9.1.2}{Keeping Track of Memory}{section.9.1}% 40
\BOOKMARK [2][-]{subsection.9.1.3}{API}{section.9.1}% 41
\BOOKMARK [1][-]{section.9.2}{Porting Liballoc}{chapter.9}% 42
\BOOKMARK [0][-]{chapter.10}{CPU Exceptions}{}% 43
\BOOKMARK [1][-]{section.10.1}{Supported Exceptions}{chapter.10}% 44
\BOOKMARK [1][-]{section.10.2}{Code Generation}{chapter.10}% 45
\BOOKMARK [0][-]{chapter.11}{Graphics Support}{}% 46
\BOOKMARK [1][-]{section.11.1}{Enabling Graphics}{chapter.11}% 47
\BOOKMARK [1][-]{section.11.2}{Font Rendering}{chapter.11}% 48
\BOOKMARK [1][-]{section.11.3}{Image Rendering}{chapter.11}% 49
\BOOKMARK [0][-]{chapter.12}{Conclusion}{}% 50
\BOOKMARK [0][-]{chapter.12}{REFERENCES}{}% 51
